build/app/intermediates/manifest_merge_blame_file/debug/manifest-merger-blame-debug-report.txt
1<?xml version="1.0" encoding="utf-8"?>
2<manifest xmlns:android="http://schemas.android.com/apk/res/android"
3    package="com.example.ezcountries"
4    android:versionCode="1"
5    android:versionName="1.0.0" >
6
7    <uses-sdk
8        android:minSdkVersion="16"
9        android:targetSdkVersion="29" />
10    <!--
11         Flutter needs it to communicate with the running application
12         to allow setting breakpoints, to provide hot reload, etc.
13    -->
14    <uses-permission android:name="android.permission.INTERNET" />
14-->src/main/AndroidManifest.xml:8:5-67
14-->src/main/AndroidManifest.xml:8:22-64
15    <uses-permission android:name="android.permission.ACCESS_NETWORK_STATE" />
15-->[:connectivity_plus] AndroidManifest.xml:7:5-79
15-->[:connectivity_plus] AndroidManifest.xml:7:22-76
16
17    <application
18        android:name="android.app.Application"
19        android:appComponentFactory="androidx.core.app.CoreComponentFactory"
19-->[androidx.core:core:1.6.0] AndroidManifest.xml:24:18-86
20        android:debuggable="true"
21        android:icon="@mipmap/ic_launcher"
22        android:label="ezcountries" >
23        <activity
24            android:name="com.example.ezcountries.MainActivity"
25            android:configChanges="orientation|keyboardHidden|keyboard|screenSize|smallestScreenSize|locale|layoutDirection|fontScale|screenLayout|density|uiMode"
26            android:hardwareAccelerated="true"
27            android:launchMode="singleTop"
28            android:theme="@style/LaunchTheme"
29            android:windowSoftInputMode="adjustResize" >
30
31            <!--
32                 Specifies an Android theme to apply to this Activity as soon as
33                 the Android process has started. This theme is visible to the user
34                 while the Flutter UI initializes. After that, this theme continues
35                 to determine the Window background behind the Flutter UI.
36            -->
37            <meta-data
38                android:name="io.flutter.embedding.android.NormalTheme"
39                android:resource="@style/NormalTheme" />
40            <!--
41                 Displays an Android View that continues showing the launch screen
42                 Drawable until Flutter paints its first frame, then this splash
43                 screen fades out. A splash screen is useful to avoid any visual
44                 gap between the end of Android's launch screen and the painting of
45                 Flutter's first frame.
46            -->
47            <meta-data
48                android:name="io.flutter.embedding.android.SplashScreenDrawable"
49                android:resource="@drawable/launch_background" />
50
51            <intent-filter>
52                <action android:name="android.intent.action.MAIN" />
53
54                <category android:name="android.intent.category.LAUNCHER" />
55            </intent-filter>
56        </activity>
57        <!--
58             Don't delete the meta-data below.
59             This is used by the Flutter tool to generate GeneratedPluginRegistrant.java
60        -->
61        <meta-data
62            android:name="flutterEmbedding"
63            android:value="2" />
64
65        <uses-library
65-->[androidx.window:window:1.0.0-beta04] AndroidManifest.xml:25:9-27:40
66            android:name="androidx.window.extensions"
66-->[androidx.window:window:1.0.0-beta04] AndroidManifest.xml:26:13-54
67            android:required="false" />
67-->[androidx.window:window:1.0.0-beta04] AndroidManifest.xml:27:13-37
68        <uses-library
68-->[androidx.window:window:1.0.0-beta04] AndroidManifest.xml:28:9-30:40
69            android:name="androidx.window.sidecar"
69-->[androidx.window:window:1.0.0-beta04] AndroidManifest.xml:29:13-51
70            android:required="false" />
70-->[androidx.window:window:1.0.0-beta04] AndroidManifest.xml:30:13-37
71    </application>
72
73</manifest>